<?xml version="1.0" encoding="UTF-8"?>
<!-- Generated by org.testng.reporters.JUnitXMLReporter -->
<testsuite hostname="ARAMESH-PC" name="Test" tests="1" failures="1" timestamp="23 Nov 2016 09:28:36 GMT" time="0.024" errors="0">
  <testcase name="test01" time="0.011" classname="testng.TestTwo">
    <failure type="java.lang.AssertionError" message="expected [Passed] but found [Failed]">
      <![CDATA[java.lang.AssertionError: expected [Passed] but found [Failed]
	at testng.TestTwo.test01(TestTwo.java:11)
... Removed 29 stack frames]]>
    </failure>
  </testcase> <!-- test01 -->
</testsuite> <!-- Test -->
